<?xml version="1.0" encoding="UTF-8"?>
<!-- Generated by org.testng.reporters.JUnitReportReporter -->
<testsuite skipped="0" hostname="TEJESWAR" name="testcases.ProjectManager" tests="8" failures="0" timestamp="21 Jul 2021 18:01:25 GMT" time="0.022" errors="0">
  <testcase name="makePayment" time="0.002" classname="testcases.ProjectManager"/>
  <testcase name="applyDiscount" time="0.003" classname="testcases.ProjectManager"/>
  <testcase name="applyDiscount" time="0.002" classname="testcases.ProjectManager"/>
  <testcase name="makePayment" time="0.004" classname="testcases.ProjectManager"/>
  <testcase name="makePayment" time="0.002" classname="testcases.ProjectManager"/>
  <testcase name="applyDiscount" time="0.003" classname="testcases.ProjectManager"/>
  <testcase name="makePayment" time="0.002" classname="testcases.ProjectManager"/>
  <testcase name="makePayment" time="0.004" classname="testcases.ProjectManager"/>
</testsuite> <!-- testcases.ProjectManager -->
