<?xml version="1.0" encoding="UTF-8"?>
<!-- Generated by org.testng.reporters.JUnitReportReporter -->
<testsuite skipped="0" hostname="TEJESWAR" name="testcases.BookingSearch" tests="6" failures="0" timestamp="28 Jul 2021 06:14:49 GMT" time="0.015" errors="0">
  <testcase name="selectHotel" time="0.000" classname="testcases.BookingSearch"/>
  <testcase name="searchHotel" time="0.000" classname="testcases.BookingSearch"/>
  <testcase name="selectHotel" time="0.001" classname="testcases.BookingSearch"/>
  <testcase name="enterGuestInfo" time="0.000" classname="testcases.BookingSearch"/>
  <testcase name="searchHotel" time="0.013" classname="testcases.BookingSearch"/>
  <testcase name="enterGuestInfo" time="0.001" classname="testcases.BookingSearch"/>
</testsuite> <!-- testcases.BookingSearch -->
