<?xml version="1.0" encoding="UTF-8"?>
<!-- Generated by org.testng.reporters.JUnitReportReporter -->
<testsuite skipped="0" hostname="TEJESWAR" name="testcases.CustomerCommunications" tests="2" failures="0" timestamp="26 Jul 2021 05:23:27 GMT" time="0.001" errors="0">
  <testcase name="checkEmail" time="0.000" classname="testcases.CustomerCommunications"/>
  <testcase name="checkEmail" time="0.001" classname="testcases.CustomerCommunications"/>
</testsuite> <!-- testcases.CustomerCommunications -->
