<?xml version="1.0" encoding="UTF-8"?>
<!-- Generated by org.testng.reporters.JUnitReportReporter -->
<testsuite skipped="0" hostname="TEJESWAR" name="testcases.PaymentManager" tests="3" failures="0" timestamp="28 Jul 2021 06:14:49 GMT" time="0.001" errors="0">
  <testcase name="applyDiscount" time="0.001" classname="testcases.PaymentManager"/>
  <testcase name="makePayment" time="0.000" classname="testcases.PaymentManager"/>
  <testcase name="makePayment" time="0.000" classname="testcases.PaymentManager"/>
</testsuite> <!-- testcases.PaymentManager -->
